<?xml version="1.0" encoding="UTF-8"?>
<!-- Generated by org.testng.reporters.JUnitReportReporter -->
<testsuite hostname="KOR-C-0075E" failures="0" tests="3" name="com.example.TestNg.CinemaTest" time="1.905" errors="0" timestamp="22 Mar 2024 04:39:19 GMT">
  <testcase classname="com.example.TestNg.CinemaTest" name="testGetAllCinemas" time="0.582"/>
  <testcase classname="com.example.TestNg.CinemaTest" name="testGetCinemaById" time="0.045"/>
  <testcase classname="com.example.TestNg.CinemaTest" name="testCreateNewCinema" time="1.278"/>
</testsuite> <!-- com.example.TestNg.CinemaTest -->
