<?xml version="1.0" encoding="UTF-8"?>
<!-- Generated by org.testng.reporters.JUnitReportReporter -->
<testsuite hostname="KOR-C-0075E" failures="0" tests="1" name="com.example.ControllerTest.CinemaControllerTest" time="1.351" errors="0" timestamp="26 Mar 2024 04:04:24 GMT">
  <testcase classname="com.example.ControllerTest.CinemaControllerTest" name="testGetAllCinemas" time="1.351"/>
</testsuite> <!-- com.example.ControllerTest.CinemaControllerTest -->
