<?xml version="1.0" encoding="UTF-8"?>
<!-- Generated by org.testng.reporters.JUnitReportReporter -->
<testsuite hostname="KOR-C-0075E" failures="0" tests="5" name="com.example.TestNg.MovieTest" time="2.158" errors="0" timestamp="22 Mar 2024 06:44:19 GMT">
  <testcase classname="com.example.TestNg.MovieTest" name="testGetAllMovies" time="1.520"/>
  <testcase classname="com.example.TestNg.MovieTest" name="testGetMovieById" time="0.050"/>
  <testcase classname="com.example.TestNg.MovieTest" name="testCreateNewMovie" time="0.508"/>
  <testcase classname="com.example.TestNg.MovieTest" name="testDeleteMovie" time="0.045"/>
  <testcase classname="com.example.TestNg.MovieTest" name="testUpdateMovie" time="0.035"/>
</testsuite> <!-- com.example.TestNg.MovieTest -->
