<?xml version="1.0" encoding="UTF-8"?>
<!-- Generated by org.testng.reporters.JUnitReportReporter -->
<testsuite hostname="KOR-C-0075E" failures="0" tests="1" name="com.example.ModelTest.ModelBookingTest" time="0.026" errors="0" timestamp="14 Mar 2024 10:04:41 GMT">
  <testcase classname="com.example.ModelTest.ModelBookingTest" name="testBookingGetterAndSetter" time="0.026"/>
</testsuite> <!-- com.example.ModelTest.ModelBookingTest -->
