<?xml version="1.0" encoding="UTF-8"?>
<!-- Generated by org.testng.reporters.JUnitReportReporter -->
<testsuite hostname="KOR-C-0075E" failures="0" tests="3" name="com.example.ControllerTest.BookingControllerTest" time="1.486" errors="0" timestamp="26 Mar 2024 07:07:32 GMT">
  <testcase classname="com.example.ControllerTest.BookingControllerTest" name="testCreateNewBooking_DuplicateId" time="0.135"/>
  <testcase classname="com.example.ControllerTest.BookingControllerTest" name="testCreateNewBooking_Successful" time="1.346"/>
  <testcase classname="com.example.ControllerTest.BookingControllerTest" name="testGetAllBookings" time="0.005"/>
</testsuite> <!-- com.example.ControllerTest.BookingControllerTest -->
