<?xml version="1.0" encoding="UTF-8"?>
<!-- Generated by org.testng.reporters.JUnitReportReporter -->
<testsuite hostname="KOR-C-0075E" failures="0" tests="3" name="com.example.ControllerTest.MovieControllerTest" time="1.670" errors="0" timestamp="26 Mar 2024 04:04:43 GMT">
  <testcase classname="com.example.ControllerTest.MovieControllerTest" name="testGetMovieByIdNotFound" time="0.004"/>
  <testcase classname="com.example.ControllerTest.MovieControllerTest" name="testGetMovieById" time="0.011"/>
  <testcase classname="com.example.ControllerTest.MovieControllerTest" name="testGetAllMovies" time="1.655"/>
</testsuite> <!-- com.example.ControllerTest.MovieControllerTest -->
