<?xml version="1.0" encoding="UTF-8"?>
<!-- Generated by org.testng.reporters.JUnitReportReporter -->
<testsuite hostname="KOR-C-0075E" failures="0" tests="5" name="com.example.TestNg.BookingTest" time="6.919" errors="0" timestamp="26 Mar 2024 03:50:01 GMT">
  <testcase classname="com.example.TestNg.BookingTest" name="testCreateNewBooking" time="1.388"/>
  <testcase classname="com.example.TestNg.BookingTest" name="testGetBookingById" time="0.258"/>
  <testcase classname="com.example.TestNg.BookingTest" name="testGetAllBookings" time="4.973"/>
  <testcase classname="com.example.TestNg.BookingTest" name="testDeleteBooking" time="0.122"/>
  <testcase classname="com.example.TestNg.BookingTest" name="testUpdateBooking" time="0.178"/>
</testsuite> <!-- com.example.TestNg.BookingTest -->
